{"mode": "train", "ver": "v1", "name": "20240325195929", "stock_code": ["001570"], "rl_method": "pg", "net": "dnn", "backend": "tensorflow", "start_date": "20220101", "end_date": "20240325", "lr": 0.001, "discount_factor": 0.99, "balance": 100000000}
[001570] RL:pg NET:dnn LR:0.001 DF:0.99 
[001570][Epoch 001/100] Epsilon:1.0000 #Expl.:547/547 #Buy:189 #Sell:156 #Hold:202 #Stocks:3600 PV:484,770,384 Loss:7.033203 ET:6.4327
[001570][Epoch 002/100] Epsilon:0.9899 #Expl.:542/547 #Buy:154 #Sell:181 #Hold:212 #Stocks:3798 PV:742,643,436 Loss:6.938032 ET:4.9250
[001570][Epoch 003/100] Epsilon:0.9798 #Expl.:533/547 #Buy:169 #Sell:181 #Hold:197 #Stocks:2627 PV:492,742,489 Loss:6.904194 ET:5.0484
[001570][Epoch 004/100] Epsilon:0.9697 #Expl.:528/547 #Buy:173 #Sell:152 #Hold:222 #Stocks:9724 PV:1,193,398,736 Loss:6.865399 ET:5.5272
[001570][Epoch 005/100] Epsilon:0.9596 #Expl.:527/547 #Buy:178 #Sell:177 #Hold:192 #Stocks:15235 PV:1,930,902,184 Loss:6.783327 ET:5.4012
[001570][Epoch 006/100] Epsilon:0.9495 #Expl.:519/547 #Buy:173 #Sell:156 #Hold:218 #Stocks:15560 PV:1,875,054,960 Loss:6.771008 ET:5.2895
[001570][Epoch 007/100] Epsilon:0.9394 #Expl.:510/547 #Buy:172 #Sell:171 #Hold:204 #Stocks:9914 PV:1,280,053,308 Loss:6.725923 ET:5.3061
[001570][Epoch 008/100] Epsilon:0.9293 #Expl.:506/547 #Buy:186 #Sell:177 #Hold:184 #Stocks:16961 PV:2,122,618,288 Loss:6.691756 ET:5.2770
[001570][Epoch 009/100] Epsilon:0.9192 #Expl.:502/547 #Buy:170 #Sell:169 #Hold:208 #Stocks:13773 PV:1,744,804,035 Loss:6.700732 ET:5.3320
[001570][Epoch 010/100] Epsilon:0.9091 #Expl.:481/547 #Buy:155 #Sell:165 #Hold:227 #Stocks:19068 PV:2,407,614,727 Loss:6.591847 ET:5.4959
[001570][Epoch 011/100] Epsilon:0.8990 #Expl.:494/547 #Buy:176 #Sell:171 #Hold:200 #Stocks:9118 PV:1,137,064,448 Loss:6.656326 ET:5.1934
[001570][Epoch 012/100] Epsilon:0.8889 #Expl.:488/547 #Buy:159 #Sell:169 #Hold:219 #Stocks:11918 PV:1,543,348,326 Loss:6.628882 ET:5.2847
[001570][Epoch 013/100] Epsilon:0.8788 #Expl.:478/547 #Buy:184 #Sell:167 #Hold:196 #Stocks:19039 PV:2,350,635,420 Loss:6.521774 ET:5.3276
[001570][Epoch 014/100] Epsilon:0.8687 #Expl.:475/547 #Buy:164 #Sell:175 #Hold:208 #Stocks:16339 PV:2,074,085,882 Loss:6.510936 ET:5.4194
[001570][Epoch 015/100] Epsilon:0.8586 #Expl.:475/547 #Buy:172 #Sell:189 #Hold:186 #Stocks:14395 PV:1,869,282,326 Loss:6.494986 ET:5.4985
[001570][Epoch 016/100] Epsilon:0.8485 #Expl.:456/547 #Buy:175 #Sell:169 #Hold:203 #Stocks:13591 PV:1,721,919,509 Loss:6.484714 ET:5.3047
[001570][Epoch 017/100] Epsilon:0.8384 #Expl.:474/547 #Buy:181 #Sell:185 #Hold:181 #Stocks:12510 PV:1,637,195,572 Loss:6.530668 ET:5.3513
[001570][Epoch 018/100] Epsilon:0.8283 #Expl.:453/547 #Buy:170 #Sell:170 #Hold:207 #Stocks:18249 PV:2,301,580,929 Loss:6.402047 ET:5.2788
[001570][Epoch 019/100] Epsilon:0.8182 #Expl.:435/547 #Buy:151 #Sell:175 #Hold:221 #Stocks:17054 PV:2,197,308,272 Loss:6.373155 ET:5.5884
[001570][Epoch 020/100] Epsilon:0.8081 #Expl.:446/547 #Buy:171 #Sell:178 #Hold:198 #Stocks:15783 PV:2,020,012,310 Loss:6.391479 ET:5.2667
[001570][Epoch 021/100] Epsilon:0.7980 #Expl.:422/547 #Buy:158 #Sell:171 #Hold:218 #Stocks:15071 PV:1,957,351,059 Loss:6.347505 ET:5.1029
[001570][Epoch 022/100] Epsilon:0.7879 #Expl.:438/547 #Buy:161 #Sell:166 #Hold:220 #Stocks:16866 PV:2,164,509,818 Loss:6.286433 ET:5.3118
[001570][Epoch 023/100] Epsilon:0.7778 #Expl.:432/547 #Buy:180 #Sell:170 #Hold:197 #Stocks:14179 PV:1,811,085,526 Loss:6.337315 ET:5.2844
[001570][Epoch 024/100] Epsilon:0.7677 #Expl.:429/547 #Buy:152 #Sell:165 #Hold:230 #Stocks:16542 PV:2,131,134,596 Loss:6.278860 ET:5.4413
[001570][Epoch 025/100] Epsilon:0.7576 #Expl.:425/547 #Buy:146 #Sell:156 #Hold:245 #Stocks:14969 PV:1,953,853,379 Loss:6.257971 ET:5.2857
[001570][Epoch 026/100] Epsilon:0.7475 #Expl.:407/547 #Buy:144 #Sell:159 #Hold:244 #Stocks:17681 PV:2,269,647,761 Loss:6.187629 ET:5.3360
[001570][Epoch 027/100] Epsilon:0.7374 #Expl.:376/547 #Buy:140 #Sell:145 #Hold:262 #Stocks:18228 PV:2,313,892,580 Loss:6.145504 ET:5.3087
[001570][Epoch 028/100] Epsilon:0.7273 #Expl.:395/547 #Buy:153 #Sell:165 #Hold:229 #Stocks:13718 PV:1,827,638,834 Loss:6.199074 ET:5.3538
[001570][Epoch 029/100] Epsilon:0.7172 #Expl.:388/547 #Buy:152 #Sell:166 #Hold:229 #Stocks:15972 PV:2,092,261,768 Loss:6.127195 ET:5.2808
[001570][Epoch 030/100] Epsilon:0.7071 #Expl.:395/547 #Buy:161 #Sell:157 #Hold:229 #Stocks:16632 PV:2,116,128,806 Loss:6.139005 ET:5.3317
[001570][Epoch 031/100] Epsilon:0.6970 #Expl.:361/547 #Buy:165 #Sell:156 #Hold:226 #Stocks:15303 PV:1,950,812,785 Loss:6.122278 ET:5.2931
[001570][Epoch 032/100] Epsilon:0.6869 #Expl.:377/547 #Buy:159 #Sell:158 #Hold:230 #Stocks:16517 PV:2,107,793,197 Loss:6.084732 ET:5.4299
[001570][Epoch 033/100] Epsilon:0.6768 #Expl.:369/547 #Buy:148 #Sell:138 #Hold:261 #Stocks:15224 PV:1,928,742,324 Loss:6.059817 ET:5.3468
[001570][Epoch 034/100] Epsilon:0.6667 #Expl.:374/547 #Buy:151 #Sell:144 #Hold:252 #Stocks:14600 PV:1,859,053,981 Loss:6.064650 ET:5.3045
[001570][Epoch 035/100] Epsilon:0.6566 #Expl.:343/547 #Buy:139 #Sell:128 #Hold:280 #Stocks:16358 PV:2,077,256,148 Loss:5.982350 ET:5.3686
[001570][Epoch 036/100] Epsilon:0.6465 #Expl.:361/547 #Buy:140 #Sell:142 #Hold:265 #Stocks:16284 PV:2,093,635,698 Loss:5.977447 ET:5.2534
[001570][Epoch 037/100] Epsilon:0.6364 #Expl.:345/547 #Buy:142 #Sell:137 #Hold:268 #Stocks:15299 PV:1,975,963,205 Loss:5.966684 ET:5.3376
[001570][Epoch 038/100] Epsilon:0.6263 #Expl.:336/547 #Buy:148 #Sell:146 #Hold:253 #Stocks:14206 PV:1,833,482,963 Loss:5.991542 ET:5.3111
[001570][Epoch 039/100] Epsilon:0.6162 #Expl.:335/547 #Buy:108 #Sell:143 #Hold:296 #Stocks:13606 PV:1,908,544,014 Loss:5.967486 ET:5.3721
[001570][Epoch 040/100] Epsilon:0.6061 #Expl.:340/547 #Buy:149 #Sell:143 #Hold:255 #Stocks:14450 PV:1,850,892,019 Loss:5.915795 ET:5.4432
[001570][Epoch 041/100] Epsilon:0.5960 #Expl.:337/547 #Buy:141 #Sell:145 #Hold:261 #Stocks:15349 PV:1,992,416,508 Loss:5.928238 ET:5.1173
[001570][Epoch 042/100] Epsilon:0.5859 #Expl.:317/547 #Buy:139 #Sell:134 #Hold:274 #Stocks:14427 PV:1,868,782,227 Loss:5.904720 ET:5.2714
[001570][Epoch 043/100] Epsilon:0.5758 #Expl.:304/547 #Buy:138 #Sell:136 #Hold:273 #Stocks:16531 PV:2,128,930,471 Loss:5.840416 ET:5.5525
[001570][Epoch 044/100] Epsilon:0.5657 #Expl.:296/547 #Buy:140 #Sell:135 #Hold:272 #Stocks:15301 PV:1,960,244,798 Loss:5.855107 ET:5.4685
[001570][Epoch 045/100] Epsilon:0.5556 #Expl.:292/547 #Buy:126 #Sell:111 #Hold:310 #Stocks:17655 PV:2,242,950,089 Loss:5.774541 ET:5.3361
[001570][Epoch 046/100] Epsilon:0.5455 #Expl.:302/547 #Buy:124 #Sell:135 #Hold:288 #Stocks:15277 PV:2,020,846,913 Loss:5.873323 ET:5.4514
[001570][Epoch 047/100] Epsilon:0.5354 #Expl.:295/547 #Buy:114 #Sell:115 #Hold:318 #Stocks:15119 PV:1,956,682,939 Loss:5.797462 ET:5.5223
[001570][Epoch 048/100] Epsilon:0.5253 #Expl.:293/547 #Buy:133 #Sell:146 #Hold:268 #Stocks:13536 PV:1,821,730,331 Loss:5.853102 ET:5.4172
[001570][Epoch 049/100] Epsilon:0.5152 #Expl.:282/547 #Buy:129 #Sell:132 #Hold:286 #Stocks:13999 PV:1,848,867,097 Loss:5.814539 ET:5.3325
[001570][Epoch 050/100] Epsilon:0.5051 #Expl.:278/547 #Buy:127 #Sell:129 #Hold:291 #Stocks:15209 PV:1,976,518,097 Loss:5.745700 ET:5.3171
[001570][Epoch 051/100] Epsilon:0.4949 #Expl.:289/547 #Buy:127 #Sell:123 #Hold:297 #Stocks:14073 PV:1,824,547,615 Loss:5.839121 ET:5.2522
[001570][Epoch 052/100] Epsilon:0.4848 #Expl.:246/547 #Buy:134 #Sell:119 #Hold:294 #Stocks:14370 PV:1,831,452,930 Loss:5.774150 ET:5.2941
[001570][Epoch 053/100] Epsilon:0.4747 #Expl.:251/547 #Buy:114 #Sell:135 #Hold:298 #Stocks:13542 PV:1,863,118,553 Loss:5.743412 ET:5.2795
[001570][Epoch 054/100] Epsilon:0.4646 #Expl.:248/547 #Buy:121 #Sell:119 #Hold:307 #Stocks:14849 PV:1,940,394,674 Loss:5.714759 ET:5.6049
[001570][Epoch 055/100] Epsilon:0.4545 #Expl.:247/547 #Buy:116 #Sell:114 #Hold:317 #Stocks:14379 PV:1,876,249,814 Loss:5.714348 ET:5.4997
[001570][Epoch 056/100] Epsilon:0.4444 #Expl.:221/547 #Buy:106 #Sell:115 #Hold:326 #Stocks:13897 PV:1,856,176,469 Loss:5.667926 ET:5.3700
[001570][Epoch 057/100] Epsilon:0.4343 #Expl.:233/547 #Buy:113 #Sell:101 #Hold:333 #Stocks:15127 PV:1,940,622,768 Loss:5.661040 ET:5.3352
[001570][Epoch 058/100] Epsilon:0.4242 #Expl.:224/547 #Buy:104 #Sell:108 #Hold:335 #Stocks:14862 PV:1,960,150,916 Loss:5.637107 ET:5.3661
[001570][Epoch 059/100] Epsilon:0.4141 #Expl.:236/547 #Buy:111 #Sell:109 #Hold:327 #Stocks:14419 PV:1,867,038,080 Loss:5.715275 ET:5.3653
[001570][Epoch 060/100] Epsilon:0.4040 #Expl.:212/547 #Buy:106 #Sell:111 #Hold:330 #Stocks:15370 PV:1,998,834,174 Loss:5.616801 ET:5.4221
[001570][Epoch 061/100] Epsilon:0.3939 #Expl.:211/547 #Buy:109 #Sell:106 #Hold:332 #Stocks:14986 PV:1,969,812,346 Loss:5.621858 ET:5.3648
[001570][Epoch 062/100] Epsilon:0.3838 #Expl.:218/547 #Buy:103 #Sell:105 #Hold:339 #Stocks:15849 PV:2,057,205,470 Loss:5.604088 ET:5.4280
[001570][Epoch 063/100] Epsilon:0.3737 #Expl.:218/547 #Buy:96 #Sell:104 #Hold:347 #Stocks:15084 PV:2,001,603,957 Loss:5.597832 ET:5.3193
[001570][Epoch 064/100] Epsilon:0.3636 #Expl.:195/547 #Buy:104 #Sell:105 #Hold:338 #Stocks:14930 PV:1,946,666,411 Loss:5.572351 ET:5.3183
[001570][Epoch 065/100] Epsilon:0.3535 #Expl.:191/547 #Buy:104 #Sell:100 #Hold:343 #Stocks:15031 PV:1,938,638,468 Loss:5.558324 ET:5.4229
[001570][Epoch 066/100] Epsilon:0.3434 #Expl.:180/547 #Buy:93 #Sell:84 #Hold:370 #Stocks:14996 PV:1,911,344,373 Loss:5.568482 ET:5.5260
[001570][Epoch 067/100] Epsilon:0.3333 #Expl.:174/547 #Buy:98 #Sell:97 #Hold:352 #Stocks:15054 PV:1,955,368,169 Loss:5.535900 ET:5.3121
[001570][Epoch 068/100] Epsilon:0.3232 #Expl.:166/547 #Buy:84 #Sell:76 #Hold:387 #Stocks:16085 PV:2,060,951,060 Loss:5.483743 ET:5.3661
[001570][Epoch 069/100] Epsilon:0.3131 #Expl.:162/547 #Buy:99 #Sell:94 #Hold:354 #Stocks:14598 PV:1,900,960,047 Loss:5.548310 ET:5.3421
[001570][Epoch 070/100] Epsilon:0.3030 #Expl.:161/547 #Buy:71 #Sell:74 #Hold:402 #Stocks:15526 PV:2,033,668,023 Loss:5.502883 ET:5.3664
[001570][Epoch 071/100] Epsilon:0.2929 #Expl.:147/547 #Buy:88 #Sell:92 #Hold:367 #Stocks:15691 PV:2,037,904,185 Loss:5.456319 ET:5.2669
[001570][Epoch 072/100] Epsilon:0.2828 #Expl.:151/547 #Buy:91 #Sell:81 #Hold:375 #Stocks:15762 PV:2,018,470,716 Loss:5.462224 ET:5.4704
[001570][Epoch 073/100] Epsilon:0.2727 #Expl.:157/547 #Buy:87 #Sell:75 #Hold:385 #Stocks:15504 PV:1,967,258,322 Loss:5.487065 ET:5.3913
[001570][Epoch 074/100] Epsilon:0.2626 #Expl.:148/547 #Buy:92 #Sell:97 #Hold:358 #Stocks:14275 PV:1,887,568,319 Loss:5.464853 ET:5.3474
[001570][Epoch 075/100] Epsilon:0.2525 #Expl.:112/547 #Buy:65 #Sell:60 #Hold:422 #Stocks:15481 PV:1,973,406,241 Loss:5.391219 ET:5.3370
[001570][Epoch 076/100] Epsilon:0.2424 #Expl.:141/547 #Buy:88 #Sell:89 #Hold:370 #Stocks:14358 PV:1,882,726,827 Loss:5.390909 ET:5.6185
[001570][Epoch 077/100] Epsilon:0.2323 #Expl.:129/547 #Buy:80 #Sell:74 #Hold:393 #Stocks:15614 PV:2,018,511,789 Loss:5.365881 ET:5.3602
[001570][Epoch 078/100] Epsilon:0.2222 #Expl.:130/547 #Buy:51 #Sell:59 #Hold:437 #Stocks:15799 PV:2,046,220,257 Loss:5.334621 ET:5.3865
[001570][Epoch 079/100] Epsilon:0.2121 #Expl.:114/547 #Buy:84 #Sell:87 #Hold:376 #Stocks:15063 PV:1,980,836,364 Loss:5.346071 ET:5.4569
[001570][Epoch 080/100] Epsilon:0.2020 #Expl.:113/547 #Buy:53 #Sell:53 #Hold:441 #Stocks:16036 PV:2,061,783,586 Loss:5.300780 ET:5.3374
[001570][Epoch 081/100] Epsilon:0.1919 #Expl.:133/547 #Buy:80 #Sell:78 #Hold:389 #Stocks:15555 PV:2,031,044,029 Loss:5.310935 ET:5.4232
[001570][Epoch 082/100] Epsilon:0.1818 #Expl.:111/547 #Buy:48 #Sell:47 #Hold:452 #Stocks:16364 PV:2,106,487,825 Loss:5.315226 ET:7.7996
[001570][Epoch 083/100] Epsilon:0.1717 #Expl.:94/547 #Buy:70 #Sell:74 #Hold:403 #Stocks:15331 PV:1,997,313,646 Loss:5.309836 ET:7.1131
[001570][Epoch 084/100] Epsilon:0.1616 #Expl.:88/547 #Buy:41 #Sell:46 #Hold:460 #Stocks:16554 PV:2,139,597,644 Loss:5.248619 ET:7.8315
[001570][Epoch 085/100] Epsilon:0.1515 #Expl.:86/547 #Buy:71 #Sell:67 #Hold:409 #Stocks:16052 PV:2,047,212,294 Loss:5.214190 ET:6.5674
[001570][Epoch 086/100] Epsilon:0.1414 #Expl.:68/547 #Buy:33 #Sell:31 #Hold:483 #Stocks:16303 PV:2,082,719,890 Loss:5.244650 ET:5.8240
[001570][Epoch 087/100] Epsilon:0.1313 #Expl.:63/547 #Buy:28 #Sell:39 #Hold:480 #Stocks:16699 PV:2,158,627,335 Loss:5.120780 ET:6.0137
[001570][Epoch 088/100] Epsilon:0.1212 #Expl.:66/547 #Buy:37 #Sell:33 #Hold:477 #Stocks:16868 PV:2,149,620,637 Loss:5.115297 ET:5.8798
[001570][Epoch 089/100] Epsilon:0.1111 #Expl.:67/547 #Buy:30 #Sell:37 #Hold:480 #Stocks:16517 PV:2,141,242,903 Loss:5.103549 ET:5.4929
[001570][Epoch 090/100] Epsilon:0.1010 #Expl.:49/547 #Buy:23 #Sell:28 #Hold:496 #Stocks:16121 PV:2,082,000,885 Loss:5.094019 ET:5.4298
[001570][Epoch 091/100] Epsilon:0.0909 #Expl.:52/547 #Buy:24 #Sell:29 #Hold:494 #Stocks:16515 PV:2,128,693,804 Loss:5.026521 ET:5.2729
[001570][Epoch 092/100] Epsilon:0.0808 #Expl.:34/547 #Buy:25 #Sell:27 #Hold:495 #Stocks:16585 PV:2,126,217,408 Loss:5.004623 ET:5.4620
[001570][Epoch 093/100] Epsilon:0.0707 #Expl.:34/547 #Buy:24 #Sell:27 #Hold:496 #Stocks:16446 PV:2,102,755,707 Loss:4.954835 ET:5.3801
[001570][Epoch 094/100] Epsilon:0.0606 #Expl.:42/547 #Buy:28 #Sell:29 #Hold:490 #Stocks:17021 PV:2,166,938,168 Loss:4.953058 ET:5.3674
[001570][Epoch 095/100] Epsilon:0.0505 #Expl.:19/547 #Buy:14 #Sell:19 #Hold:514 #Stocks:17025 PV:2,178,809,377 Loss:4.914310 ET:5.3444
[001570][Epoch 096/100] Epsilon:0.0404 #Expl.:26/547 #Buy:25 #Sell:20 #Hold:502 #Stocks:17317 PV:2,192,459,597 Loss:4.928137 ET:5.3659
[001570][Epoch 097/100] Epsilon:0.0303 #Expl.:13/547 #Buy:16 #Sell:17 #Hold:514 #Stocks:17374 PV:2,200,912,033 Loss:4.873738 ET:5.4078
[001570][Epoch 098/100] Epsilon:0.0202 #Expl.:12/547 #Buy:15 #Sell:17 #Hold:515 #Stocks:17754 PV:2,250,752,387 Loss:4.826569 ET:5.4167
[001570][Epoch 099/100] Epsilon:0.0101 #Expl.:4/547 #Buy:14 #Sell:14 #Hold:519 #Stocks:17844 PV:2,247,171,227 Loss:4.788121 ET:5.5143
[001570][Epoch 100/100] Epsilon:0.0000 #Expl.:0/547 #Buy:12 #Sell:12 #Hold:523 #Stocks:18189 PV:2,282,720,058 Loss:4.738778 ET:5.3341
[001570] Elapsed Time:558.8583 Max PV:2,407,614,727 #Win:100
